<?xml version="1.0" encoding="UTF-8"?>
<!-- Generated by org.testng.reporters.JUnitXMLReporter -->
<testsuite ignored="0" hostname="SAGAR" failures="0" tests="3" name="Default test" time="0.187" errors="0" timestamp="2022-06-09T19:21:40 IST">
  <testcase classname="practice.Practice1" name="aFastTest" time="0.019"/>
  <testcase classname="practice.Practice1" name="aSlowTest" time="0.004"/>
  <testcase classname="practice.Practice1" name="setUp" time="0.003"/>
</testsuite> <!-- Default test -->
