<?xml version="1.0" encoding="UTF-8"?>
<testng-results ignored="0" total="3" passed="3" failed="0" skipped="0">
  <reporter-output>
    <line>
      <![CDATA[FastTest]]>
    </line>
    <line>
      <![CDATA[SlowTest]]>
    </line>
  </reporter-output>
  <suite started-at="2022-06-09T19:21:39 IST" name="Default suite" finished-at="2022-06-09T19:21:40 IST" duration-ms="187">
    <groups>
      <group name="Slow">
        <method signature="Practice1.aSlowTest()[pri:0, instance:practice.Practice1@68c72235]" name="aSlowTest" class="practice.Practice1"/>
      </group> <!-- Slow -->
      <group name="Fast">
        <method signature="Practice1.aFastTest()[pri:0, instance:practice.Practice1@68c72235]" name="aFastTest" class="practice.Practice1"/>
      </group> <!-- Fast -->
    </groups>
    <test started-at="2022-06-09T19:21:39 IST" name="Default test" finished-at="2022-06-09T19:21:40 IST" duration-ms="187">
      <class name="practice.Practice1">
        <test-method signature="aFastTest()[pri:0, instance:practice.Practice1@68c72235]" started-at="2022-06-09T19:21:39 IST" name="aFastTest" finished-at="2022-06-09T19:21:39 IST" duration-ms="19" status="PASS">
          <reporter-output>
            <line>
              <![CDATA[FastTest]]>
            </line>
          </reporter-output>
        </test-method> <!-- aFastTest -->
        <test-method signature="aSlowTest()[pri:0, instance:practice.Practice1@68c72235]" started-at="2022-06-09T19:21:39 IST" name="aSlowTest" finished-at="2022-06-09T19:21:39 IST" duration-ms="4" status="PASS">
          <reporter-output>
            <line>
              <![CDATA[SlowTest]]>
            </line>
          </reporter-output>
        </test-method> <!-- aSlowTest -->
        <test-method signature="setUp()[pri:0, instance:practice.Practice1@68c72235]" started-at="2022-06-09T19:21:40 IST" name="setUp" finished-at="2022-06-09T19:21:40 IST" duration-ms="3" status="PASS">
          <reporter-output>
          </reporter-output>
        </test-method> <!-- setUp -->
      </class> <!-- practice.Practice1 -->
    </test> <!-- Default test -->
  </suite> <!-- Default suite -->
</testng-results>
