<?xml version="1.0" encoding="UTF-8"?>
<!-- Generated by org.testng.reporters.JUnitXMLReporter -->
<testsuite ignored="0" hostname="SAGAR-PC" failures="1" tests="1" name="Test" time="0.34" errors="0" timestamp="2022-06-07T17:02:50 IST">
  <testcase classname="testngpack.ActiTimeLogin" name="actiTimeLogin" time="0.122">
    <failure type="java.lang.IllegalStateException" message="The driver executable must exist: C:\Users\SAGAR-pc\Desktop\wcsm7  selenium\qspautomationproject\.\driver\geckodriver.exe">
      <![CDATA[java.lang.IllegalStateException: The driver executable must exist: C:\Users\SAGAR-pc\Desktop\wcsm7  selenium\qspautomationproject\.\driver\geckodriver.exe
at org.openqa.selenium.internal.Require$FileStateChecker.isFile(Require.java:342)
at org.openqa.selenium.remote.service.DriverService.checkExecutable(DriverService.java:147)
at org.openqa.selenium.remote.service.DriverService.findExecutable(DriverService.java:142)
at org.openqa.selenium.firefox.GeckoDriverService.access$100(GeckoDriverService.java:45)
at org.openqa.selenium.firefox.GeckoDriverService$Builder.findDefaultExecutable(GeckoDriverService.java:181)
at org.openqa.selenium.remote.service.DriverService$Builder.build(DriverService.java:437)
at org.openqa.selenium.firefox.GeckoDriverService.createDefaultService(GeckoDriverService.java:94)
at org.openqa.selenium.firefox.FirefoxDriver.<init>(FirefoxDriver.java:106)
at org.openqa.selenium.firefox.FirefoxDriver.<init>(FirefoxDriver.java:86)
at testngpack.ActiTimeLogin.actiTimeLogin(ActiTimeLogin.java:35)
at java.base/java.util.ArrayList.forEach(ArrayList.java:1511)
... Removed 27 stack frames]]>
    </failure>
  </testcase> <!-- actiTimeLogin -->
</testsuite> <!-- Test -->
